<?xml version="1.0" encoding="UTF-8"?>
<coverage generated="1608267590467" clover="3.2.0">
  <project timestamp="1608267590467" name="All files">
    <metrics statements="4" coveredstatements="1" conditionals="0" coveredconditionals="0" methods="1" coveredmethods="0" elements="5" coveredelements="1" complexity="0" loc="4" ncloc="4" packages="1" files="2" classes="2"/>
    <file name="App.vue" path="/Users/appcypher/Desktop/projects/sageflow-ui/src/App.vue">
      <metrics statements="1" coveredstatements="1" conditionals="0" coveredconditionals="0" methods="0" coveredmethods="0"/>
      <line num="6" count="1" type="stmt"/>
    </file>
    <file name="main.js" path="/Users/appcypher/Desktop/projects/sageflow-ui/src/main.js">
      <metrics statements="3" coveredstatements="0" conditionals="0" coveredconditionals="0" methods="1" coveredmethods="0"/>
      <line num="6" count="0" type="stmt"/>
      <line num="8" count="0" type="stmt"/>
      <line num="11" count="0" type="stmt"/>
    </file>
  </project>
</coverage>
