{"/Users/appcypher/Desktop/projects/sageflow-ui/src/index.js": {"path":"/Users/appcypher/Desktop/projects/sageflow-ui/src/index.js","statementMap":{"0":{"start":{"line":4,"column":0},"end":{"line":4,"column":33}},"1":{"start":{"line":6,"column":0},"end":{"line":8,"column":18}},"2":{"start":{"line":7,"column":15},"end":{"line":7,"column":21}}},"fnMap":{"0":{"name":"(anonymous_0)","decl":{"start":{"line":7,"column":10},"end":{"line":7,"column":11}},"loc":{"start":{"line":7,"column":15},"end":{"line":7,"column":21}},"line":7}},"branchMap":{},"s":{"0":0,"1":0,"2":0},"f":{"0":0},"b":{}}
}
