{"/Users/appcypher/Desktop/projects/sageflow-ui/src/App.vue": {"path":"/Users/appcypher/Desktop/projects/sageflow-ui/src/App.vue","statementMap":{"0":{"start":{"line":6,"column":0},"end":{"line":6,"column":null}}},"fnMap":{},"branchMap":{},"s":{"0":1},"f":{},"b":{}}
,"/Users/appcypher/Desktop/projects/sageflow-ui/src/main.js": {"path":"/Users/appcypher/Desktop/projects/sageflow-ui/src/main.js","statementMap":{"0":{"start":{"line":6,"column":0},"end":{"line":6,"column":33}},"1":{"start":{"line":8,"column":0},"end":{"line":12,"column":18}},"2":{"start":{"line":11,"column":15},"end":{"line":11,"column":21}}},"fnMap":{"0":{"name":"(anonymous_0)","decl":{"start":{"line":11,"column":10},"end":{"line":11,"column":11}},"loc":{"start":{"line":11,"column":15},"end":{"line":11,"column":21}},"line":11}},"branchMap":{},"s":{"0":0,"1":0,"2":0},"f":{"0":0},"b":{}}
}
